<?xml version="1.0" encoding="UTF-8"?>
<!-- Generated by org.testng.reporters.JUnitXMLReporter -->
<testsuite hostname="Lenovo" failures="0" tests="3" name="Test Automation" time="253.668" errors="0" timestamp="20 Oct 2021 05:09:07 GMT">
  <testcase classname="test.java.OpenMRSTest" name="TestCase1_loginSuccess" time="16.594"/>
  <testcase classname="test.java.OpenMRSTest" name="TestCase2_loginFailure" time="5.141"/>
  <testcase classname="test.java.OpenMRSTest" name="TestCase3_Validation" time="116.887"/>
</testsuite> <!-- Test Automation -->
