<?xml version="1.0" encoding="UTF-8"?>
<testng-results total="3" passed="3" failed="0" skipped="0">
  <reporter-output>
  </reporter-output>
  <suite started-at="2021-10-20T05:04:53Z" name="Testing OpenMRS" finished-at="2021-10-20T05:09:07Z" duration-ms="253668">
    <groups>
    </groups>
    <test started-at="2021-10-20T05:04:53Z" name="Test Automation" finished-at="2021-10-20T05:09:07Z" duration-ms="253668">
      <class name="test.java.OpenMRSTest">
        <test-method is-config="true" signature="beforeTestMethod()[pri:0, instance:test.java.OpenMRSTest@501edcf1]" started-at="2021-10-20T10:34:53Z" name="beforeTestMethod" finished-at="2021-10-20T10:34:54Z" duration-ms="813" status="PASS">
          <reporter-output>
          </reporter-output>
        </test-method> <!-- beforeTestMethod -->
        <test-method is-config="true" signature="beforeMethod(java.lang.reflect.Method)[pri:0, instance:test.java.OpenMRSTest@501edcf1]" started-at="2021-10-20T10:34:54Z" name="beforeMethod" finished-at="2021-10-20T10:35:43Z" duration-ms="49425" status="PASS">
          <params>
            <param index="0">
              <value>
                <![CDATA[public void test.java.OpenMRSTest.TestCase1_loginSuccess()]]>
              </value>
            </param>
          </params>
          <reporter-output>
          </reporter-output>
        </test-method> <!-- beforeMethod -->
        <test-method signature="TestCase1_loginSuccess()[pri:0, instance:test.java.OpenMRSTest@501edcf1]" started-at="2021-10-20T10:35:43Z" name="TestCase1_loginSuccess" finished-at="2021-10-20T10:36:00Z" duration-ms="16594" status="PASS">
          <reporter-output>
          </reporter-output>
        </test-method> <!-- TestCase1_loginSuccess -->
        <test-method is-config="true" signature="afterMethod(org.testng.ITestResult)[pri:0, instance:test.java.OpenMRSTest@501edcf1]" started-at="2021-10-20T10:36:00Z" name="afterMethod" finished-at="2021-10-20T10:36:02Z" duration-ms="1823" status="PASS">
          <params>
            <param index="0">
              <value>
                <![CDATA[[TestResult name=TestCase1_loginSuccess status=SUCCESS method=OpenMRSTest.TestCase1_loginSuccess()[pri:0, instance:test.java.OpenMRSTest@501edcf1] output={null}]]]>
              </value>
            </param>
          </params>
          <reporter-output>
          </reporter-output>
        </test-method> <!-- afterMethod -->
        <test-method is-config="true" signature="beforeMethod(java.lang.reflect.Method)[pri:0, instance:test.java.OpenMRSTest@501edcf1]" started-at="2021-10-20T10:36:02Z" name="beforeMethod" finished-at="2021-10-20T10:36:27Z" duration-ms="25060" status="PASS">
          <params>
            <param index="0">
              <value>
                <![CDATA[public void test.java.OpenMRSTest.TestCase2_loginFailure()]]>
              </value>
            </param>
          </params>
          <reporter-output>
          </reporter-output>
        </test-method> <!-- beforeMethod -->
        <test-method signature="TestCase2_loginFailure()[pri:0, instance:test.java.OpenMRSTest@501edcf1]" started-at="2021-10-20T10:36:27Z" name="TestCase2_loginFailure" finished-at="2021-10-20T10:36:32Z" duration-ms="5141" status="PASS">
          <reporter-output>
          </reporter-output>
        </test-method> <!-- TestCase2_loginFailure -->
        <test-method is-config="true" signature="afterMethod(org.testng.ITestResult)[pri:0, instance:test.java.OpenMRSTest@501edcf1]" started-at="2021-10-20T10:36:33Z" name="afterMethod" finished-at="2021-10-20T10:36:37Z" duration-ms="4017" status="PASS">
          <params>
            <param index="0">
              <value>
                <![CDATA[[TestResult name=TestCase2_loginFailure status=SUCCESS method=OpenMRSTest.TestCase2_loginFailure()[pri:0, instance:test.java.OpenMRSTest@501edcf1] output={null}]]]>
              </value>
            </param>
          </params>
          <reporter-output>
          </reporter-output>
        </test-method> <!-- afterMethod -->
        <test-method is-config="true" signature="beforeMethod(java.lang.reflect.Method)[pri:0, instance:test.java.OpenMRSTest@501edcf1]" started-at="2021-10-20T10:36:37Z" name="beforeMethod" finished-at="2021-10-20T10:36:54Z" duration-ms="17524" status="PASS">
          <params>
            <param index="0">
              <value>
                <![CDATA[public void test.java.OpenMRSTest.TestCase3_Validation()]]>
              </value>
            </param>
          </params>
          <reporter-output>
          </reporter-output>
        </test-method> <!-- beforeMethod -->
        <test-method signature="TestCase3_Validation()[pri:0, instance:test.java.OpenMRSTest@501edcf1]" started-at="2021-10-20T10:36:54Z" name="TestCase3_Validation" finished-at="2021-10-20T10:38:51Z" duration-ms="116887" status="PASS">
          <reporter-output>
          </reporter-output>
        </test-method> <!-- TestCase3_Validation -->
        <test-method is-config="true" signature="afterMethod(org.testng.ITestResult)[pri:0, instance:test.java.OpenMRSTest@501edcf1]" started-at="2021-10-20T10:38:52Z" name="afterMethod" finished-at="2021-10-20T10:39:00Z" duration-ms="8784" status="PASS">
          <params>
            <param index="0">
              <value>
                <![CDATA[[TestResult name=TestCase3_Validation status=SUCCESS method=OpenMRSTest.TestCase3_Validation()[pri:0, instance:test.java.OpenMRSTest@501edcf1] output={null}]]]>
              </value>
            </param>
          </params>
          <reporter-output>
          </reporter-output>
        </test-method> <!-- afterMethod -->
        <test-method is-config="true" signature="afterTest()[pri:0, instance:test.java.OpenMRSTest@501edcf1]" started-at="2021-10-20T10:39:00Z" name="afterTest" finished-at="2021-10-20T10:39:07Z" duration-ms="6350" status="PASS">
          <reporter-output>
          </reporter-output>
        </test-method> <!-- afterTest -->
      </class> <!-- test.java.OpenMRSTest -->
    </test> <!-- Test Automation -->
  </suite> <!-- Testing OpenMRS -->
</testng-results>
